<?xml version="1.0" encoding="utf-8"?><testsuites name="pytest tests"><testsuite name="pytest" errors="0" failures="0" skipped="0" tests="28" time="4.481" timestamp="2026-07-05T13:47:47.675006+00:00" hostname="agent-env-069d570e-1a35-418b-bdfb-ef3426a4073d"><testcase classname="tests.backend_test.TestOrders" name="test_list_orders_requires_auth" time="0.221" /><testcase classname="tests.backend_test.TestAuth" name="test_login_valid_1234" time="0.217" /><testcase classname="tests.backend_test.TestAuth" name="test_login_valid_5678" time="0.142" /><testcase classname="tests.backend_test.TestOrders" name="test_list_orders_authed" time="0.097" /><testcase classname="tests.backend_test.TestAuth" name="test_login_valid_0000" time="0.107" /><testcase classname="tests.backend_test.TestAuth" name="test_login_invalid_9999" time="0.101" /><testcase classname="tests.backend_test.TestAuth" name="test_login_non_digit" time="0.112" /><testcase classname="tests.backend_test.TestAuth" name="test_orders_requires_operator_header" time="0.111" /><testcase classname="tests.backend_test.TestOrders" name="test_create_order_parses_lines" time="0.491" /><testcase classname="tests.backend_test.TestOrders" name="test_get_order_with_lines" time="0.115" /><testcase classname="tests.backend_test.TestOrders" name="test_list_orders_contains_created" time="0.169" /><testcase classname="tests.backend_test.TestOrders" name="test_search_orders" time="0.098" /><testcase classname="tests.backend_test.TestLineOps" name="test_increment_and_reset" time="1.173" /><testcase classname="tests.backend_test.TestOrders" name="test_get_pdf_returns_pdf" time="0.144" /><testcase classname="tests.backend_test.TestOrders" name="test_get_label_cropped" time="0.127" /><testcase classname="tests.backend_test.TestOrders" name="test_get_label_raw" time="0.117" /><testcase classname="tests.backend_test.TestValidation" name="test_upload_non_pdf_rejected" time="0.098" /><testcase classname="tests.backend_test.TestValidation" name="test_get_unknown_order" time="0.093" /><testcase classname="tests.backend_test.TestValidation" name="test_get_unknown_pdf" time="0.137" /><testcase classname="tests.backend_test.TestLabelResize" name="test_resize_label_landscape_to_portrait" time="0.477" /><testcase classname="tests.backend_test.TestLineOps" name="test_increment_invalid_delta" time="0.230" /><testcase classname="tests.backend_test.TestLineOps" name="test_increment_unknown_line" time="0.106" /><testcase classname="tests.backend_test.TestParserRegression" name="test_parse_56755_returns_33_lines" time="0.535" /><testcase classname="tests.backend_test.TestLabelResize" name="test_labels_list_and_delete" time="0.604" /><testcase classname="tests.backend_test.TestParserRegression" name="test_parse_56662_returns_33_lines" time="0.346" /><testcase classname="tests.backend_test.TestLabelResize" name="test_labels_requires_auth" time="0.126" /><testcase classname="tests.backend_test.TestDelete" name="test_delete_order_removes_files" time="0.736" /><testcase classname="tests.backend_test.TestParserRegression" name="test_parse_56747_returns_180_lines" time="0.504" /></testsuite></testsuites>