<?xml version="1.0" encoding="utf-8"?><testsuites name="pytest tests"><testsuite name="pytest" errors="0" failures="0" skipped="0" tests="21" time="3.497" timestamp="2026-07-05T13:12:23.370142+00:00" hostname="agent-env-069d570e-1a35-418b-bdfb-ef3426a4073d"><testcase classname="tests.backend_test.TestOrders" name="test_list_orders_public" time="0.229" /><testcase classname="tests.backend_test.TestAuth" name="test_login_valid_1234" time="0.204" /><testcase classname="tests.backend_test.TestAuth" name="test_login_valid_5678" time="0.121" /><testcase classname="tests.backend_test.TestAuth" name="test_login_valid_0000" time="0.219" /><testcase classname="tests.backend_test.TestAuth" name="test_login_invalid_9999" time="0.104" /><testcase classname="tests.backend_test.TestOrders" name="test_create_order_parses_lines" time="0.330" /><testcase classname="tests.backend_test.TestOrders" name="test_get_order_with_lines" time="0.167" /><testcase classname="tests.backend_test.TestAuth" name="test_login_non_digit" time="0.101" /><testcase classname="tests.backend_test.TestOrders" name="test_list_orders_contains_created" time="0.142" /><testcase classname="tests.backend_test.TestAuth" name="test_orders_requires_operator_header" time="0.112" /><testcase classname="tests.backend_test.TestOrders" name="test_search_orders" time="0.129" /><testcase classname="tests.backend_test.TestOrders" name="test_get_pdf_returns_pdf" time="0.221" /><testcase classname="tests.backend_test.TestLineOps" name="test_increment_and_reset" time="1.284" /><testcase classname="tests.backend_test.TestOrders" name="test_get_label_cropped" time="0.124" /><testcase classname="tests.backend_test.TestOrders" name="test_get_label_raw" time="0.110" /><testcase classname="tests.backend_test.TestValidation" name="test_upload_non_pdf_rejected" time="0.171" /><testcase classname="tests.backend_test.TestValidation" name="test_get_unknown_order" time="0.146" /><testcase classname="tests.backend_test.TestValidation" name="test_get_unknown_pdf" time="0.172" /><testcase classname="tests.backend_test.TestDelete" name="test_delete_order_removes_files" time="0.760" /><testcase classname="tests.backend_test.TestLineOps" name="test_increment_invalid_delta" time="0.249" /><testcase classname="tests.backend_test.TestLineOps" name="test_increment_unknown_line" time="0.268" /></testsuite></testsuites>